#
# There is insufficient memory for the Java Runtime Environment to continue.
# Native memory allocation (malloc) failed to allocate 1049856 bytes. Error detail: Chunk::new
# Possible reasons:
#   The system is out of physical RAM or swap space
#   This process is running with CompressedOops enabled, and the Java Heap may be blocking the growth of the native heap
# Possible solutions:
#   Reduce memory load on the system
#   Increase physical memory or swap space
#   Check if swap backing store is full
#   Decrease Java heap size (-Xmx/-Xms)
#   Decrease number of Java threads
#   Decrease Java thread stack sizes (-Xss)
#   Set larger code cache with -XX:ReservedCodeCacheSize=
#   JVM is running with Unscaled Compressed Oops mode in which the Java heap is
#     placed in the first 4GB address space. The Java Heap base address is the
#     maximum limit for the native heap growth. Please use -XX:HeapBaseMinAddress
#     to set the Java Heap base and to place the Java Heap above 4GB virtual address.
# This output file may be truncated or incomplete.
#
#  Out of Memory Error (arena.cpp:168), pid=6160, tid=12280
#
# JRE version: OpenJDK Runtime Environment (21.0.6) (build 21.0.6+-13368085-b895.109)
# Java VM: OpenJDK 64-Bit Server VM (21.0.6+-13368085-b895.109, mixed mode, tiered, compressed oops, compressed class ptrs, g1 gc, windows-amd64)
# No core dump will be written. Minidumps are not enabled by default on client versions of Windows
#

---------------  S U M M A R Y ------------

Command Line: --add-opens=java.base/java.lang=ALL-UNNAMED --add-opens=java.base/java.lang.invoke=ALL-UNNAMED --add-opens=java.base/java.util=ALL-UNNAMED --add-opens=java.prefs/java.util.prefs=ALL-UNNAMED --add-exports=jdk.compiler/com.sun.tools.javac.api=ALL-UNNAMED --add-exports=jdk.compiler/com.sun.tools.javac.util=ALL-UNNAMED --add-opens=java.base/java.util=ALL-UNNAMED --add-opens=java.prefs/java.util.prefs=ALL-UNNAMED --add-opens=java.base/java.nio.charset=ALL-UNNAMED --add-opens=java.base/java.net=ALL-UNNAMED --add-opens=java.base/java.util.concurrent.atomic=ALL-UNNAMED --add-opens=java.xml/javax.xml.namespace=ALL-UNNAMED -Xmx2048m -Dfile.encoding=UTF-8 -Duser.country=US -Duser.language=en -Duser.variant -javaagent:C:\Users\USER\.gradle\wrapper\dists\gradle-8.11.1-bin\bpt9gzteqjrbo1mjrsomdt32c\gradle-8.11.1\lib\agents\gradle-instrumentation-agent-8.11.1.jar org.gradle.launcher.daemon.bootstrap.GradleDaemon 8.11.1

Host: 13th Gen Intel(R) Core(TM) i3-1315U, 8 cores, 13G,  Windows 11 , 64 bit Build 26100 (10.0.26100.4202)
Time: Mon Jun 30 23:45:54 2025 Bangladesh Standard Time elapsed time: 3.732250 seconds (0d 0h 0m 3s)

---------------  T H R E A D  ---------------

Current thread (0x000002125ee0b0d0):  JavaThread "C2 CompilerThread1" daemon [_thread_in_native, id=12280, stack(0x0000005815400000,0x0000005815500000) (1024K)]


Current CompileTask:
C2:3732 2740       4       java.lang.invoke.MethodType::makeImpl (109 bytes)

Stack: [0x0000005815400000,0x0000005815500000]
Native frames: (J=compiled Java code, j=interpreted, Vv=VM code, C=native code)
V  [jvm.dll+0x6d0639]
V  [jvm.dll+0x85eb03]
V  [jvm.dll+0x86105e]
V  [jvm.dll+0x861743]
V  [jvm.dll+0x27e6e6]
V  [jvm.dll+0xbff6d]
V  [jvm.dll+0xc04a3]
V  [jvm.dll+0x2f2780]
V  [jvm.dll+0x5fa409]
V  [jvm.dll+0x250d92]
V  [jvm.dll+0x2496da]
V  [jvm.dll+0x24714e]
V  [jvm.dll+0x1c5f04]
V  [jvm.dll+0x2569ac]
V  [jvm.dll+0x254ef6]
V  [jvm.dll+0x3f0e96]
V  [jvm.dll+0x806ed8]
V  [jvm.dll+0x6cef0d]
C  [ucrtbase.dll+0x37b0]
C  [KERNEL32.DLL+0x2e8d7]
C  [ntdll.dll+0x3c34c]


---------------  P R O C E S S  ---------------

Threads class SMR info:
_java_thread_list=0x000002125ed53f80, length=25, elements={
0x000002124089c780, 0x000002125896fb30, 0x0000021258970580, 0x000002125898ac00,
0x0000021258993940, 0x0000021258973170, 0x0000021258975bd0, 0x00000212589bc3b0,
0x00000212589c4e50, 0x0000021258ab7a60, 0x0000021258c7eea0, 0x000002125e9d3430,
0x000002125e9d6220, 0x000002125e9d5500, 0x000002125e9d4150, 0x000002125e9d47e0,
0x000002125e9d4e70, 0x000002125e9d5b90, 0x000002125e9d2da0, 0x000002125e9d3ac0,
0x000002125eaa82a0, 0x000002125eaa7c10, 0x000002125eaa8930, 0x000002125eaa7580,
0x000002125ee0b0d0
}

Java Threads: ( => current thread )
  0x000002124089c780 JavaThread "main"                              [_thread_blocked, id=9244, stack(0x0000005812d00000,0x0000005812e00000) (1024K)]
  0x000002125896fb30 JavaThread "Reference Handler"          daemon [_thread_blocked, id=7172, stack(0x0000005813500000,0x0000005813600000) (1024K)]
  0x0000021258970580 JavaThread "Finalizer"                  daemon [_thread_blocked, id=2932, stack(0x0000005813600000,0x0000005813700000) (1024K)]
  0x000002125898ac00 JavaThread "Signal Dispatcher"          daemon [_thread_blocked, id=2588, stack(0x0000005813700000,0x0000005813800000) (1024K)]
  0x0000021258993940 JavaThread "Attach Listener"            daemon [_thread_blocked, id=3472, stack(0x0000005813800000,0x0000005813900000) (1024K)]
  0x0000021258973170 JavaThread "Service Thread"             daemon [_thread_blocked, id=15056, stack(0x0000005813900000,0x0000005813a00000) (1024K)]
  0x0000021258975bd0 JavaThread "Monitor Deflation Thread"   daemon [_thread_blocked, id=16352, stack(0x0000005813a00000,0x0000005813b00000) (1024K)]
  0x00000212589bc3b0 JavaThread "C2 CompilerThread0"         daemon [_thread_in_native, id=3192, stack(0x0000005813b00000,0x0000005813c00000) (1024K)]
  0x00000212589c4e50 JavaThread "C1 CompilerThread0"         daemon [_thread_blocked, id=13092, stack(0x0000005813c00000,0x0000005813d00000) (1024K)]
  0x0000021258ab7a60 JavaThread "Common-Cleaner"             daemon [_thread_blocked, id=6596, stack(0x0000005813d00000,0x0000005813e00000) (1024K)]
  0x0000021258c7eea0 JavaThread "Notification Thread"        daemon [_thread_blocked, id=9540, stack(0x0000005813e00000,0x0000005813f00000) (1024K)]
  0x000002125e9d3430 JavaThread "Daemon health stats"               [_thread_blocked, id=5300, stack(0x0000005813f00000,0x0000005814000000) (1024K)]
  0x000002125e9d6220 JavaThread "Incoming local TCP Connector on port 1411"        [_thread_in_native, id=4920, stack(0x0000005814600000,0x0000005814700000) (1024K)]
  0x000002125e9d5500 JavaThread "Daemon periodic checks"            [_thread_blocked, id=10096, stack(0x0000005814700000,0x0000005814800000) (1024K)]
  0x000002125e9d4150 JavaThread "Daemon"                            [_thread_blocked, id=5060, stack(0x0000005814800000,0x0000005814900000) (1024K)]
  0x000002125e9d47e0 JavaThread "Handler for socket connection from /127.0.0.1:1411 to /127.0.0.1:1413"        [_thread_in_native, id=1564, stack(0x0000005814900000,0x0000005814a00000) (1024K)]
  0x000002125e9d4e70 JavaThread "Cancel handler"                    [_thread_blocked, id=14296, stack(0x0000005814a00000,0x0000005814b00000) (1024K)]
  0x000002125e9d5b90 JavaThread "Daemon worker"                     [_thread_in_native, id=7872, stack(0x0000005814b00000,0x0000005814c00000) (1024K)]
  0x000002125e9d2da0 JavaThread "Asynchronous log dispatcher for DefaultDaemonConnection: socket connection from /127.0.0.1:1411 to /127.0.0.1:1413"        [_thread_blocked, id=11304, stack(0x0000005814c00000,0x0000005814d00000) (1024K)]
  0x000002125e9d3ac0 JavaThread "Stdin handler"                     [_thread_blocked, id=5020, stack(0x0000005814d00000,0x0000005814e00000) (1024K)]
  0x000002125eaa82a0 JavaThread "Daemon client event forwarder"        [_thread_blocked, id=10016, stack(0x0000005814e00000,0x0000005814f00000) (1024K)]
  0x000002125eaa7c10 JavaThread "Cache worker for journal cache (C:\Users\USER\.gradle\caches\journal-1)"        [_thread_blocked, id=10400, stack(0x0000005815100000,0x0000005815200000) (1024K)]
  0x000002125eaa8930 JavaThread "File lock request listener"        [_thread_in_native, id=13372, stack(0x0000005815200000,0x0000005815300000) (1024K)]
  0x000002125eaa7580 JavaThread "Cache worker for file hash cache (C:\Users\USER\.gradle\caches\8.11.1\fileHashes)"        [_thread_blocked, id=2184, stack(0x0000005815300000,0x0000005815400000) (1024K)]
=>0x000002125ee0b0d0 JavaThread "C2 CompilerThread1"         daemon [_thread_in_native, id=12280, stack(0x0000005815400000,0x0000005815500000) (1024K)]
Total: 25

Other Threads:
  0x000002123ed51930 VMThread "VM Thread"                           [id=6456, stack(0x0000005813400000,0x0000005813500000) (1024K)]
  0x0000021258755d60 WatcherThread "VM Periodic Task Thread"        [id=10892, stack(0x0000005813300000,0x0000005813400000) (1024K)]
  0x000002123ed51590 WorkerThread "GC Thread#0"                     [id=2336, stack(0x0000005812e00000,0x0000005812f00000) (1024K)]
  0x000002123ed52070 WorkerThread "GC Thread#1"                     [id=2328, stack(0x0000005814100000,0x0000005814200000) (1024K)]
  0x000002123ed50710 WorkerThread "GC Thread#2"                     [id=2936, stack(0x0000005814200000,0x0000005814300000) (1024K)]
  0x000002123ed50ab0 WorkerThread "GC Thread#3"                     [id=14504, stack(0x0000005814300000,0x0000005814400000) (1024K)]
  0x000002125d16d6d0 WorkerThread "GC Thread#4"                     [id=7132, stack(0x0000005814400000,0x0000005814500000) (1024K)]
  0x000002125d16d330 WorkerThread "GC Thread#5"                     [id=13416, stack(0x0000005814000000,0x0000005814100000) (1024K)]
  0x000002125d16f3d0 WorkerThread "GC Thread#6"                     [id=12404, stack(0x0000005814500000,0x0000005814600000) (1024K)]
  0x000002125d16e1b0 WorkerThread "GC Thread#7"                     [id=5280, stack(0x0000005814f00000,0x0000005815000000) (1024K)]
  0x0000021240909610 ConcurrentGCThread "G1 Main Marker"            [id=4844, stack(0x0000005812f00000,0x0000005813000000) (1024K)]
  0x000002123ed51cd0 WorkerThread "G1 Conc#0"                       [id=2640, stack(0x0000005813000000,0x0000005813100000) (1024K)]
  0x000002125d16e550 WorkerThread "G1 Conc#1"                       [id=6164, stack(0x0000005815000000,0x0000005815100000) (1024K)]
  0x000002124095e900 ConcurrentGCThread "G1 Refine#0"               [id=10616, stack(0x0000005813100000,0x0000005813200000) (1024K)]
  0x000002125862c1d0 ConcurrentGCThread "G1 Service"                [id=16068, stack(0x0000005813200000,0x0000005813300000) (1024K)]
Total: 15

Threads with active compile tasks:
C2 CompilerThread0  3767 2798   !   4       java.net.URLClassLoader::findClass (47 bytes)
C2 CompilerThread1  3768 2740       4       java.lang.invoke.MethodType::makeImpl (109 bytes)
Total: 2

VM state: not at safepoint (normal execution)

VM Mutex/Monitor currently owned by a thread: None

Heap address: 0x0000000080000000, size: 2048 MB, Compressed Oops mode: 32-bit

CDS archive(s) not mapped
Compressed class space mapped at: 0x0000000100000000-0x0000000140000000, reserved size: 1073741824
Narrow klass base: 0x0000000000000000, Narrow klass shift: 3, Narrow klass range: 0x140000000

GC Precious Log:
 CardTable entry size: 512
 Card Set container configuration: InlinePtr #cards 5 size 8 Array Of Cards #cards 12 size 40 Howl #buckets 4 coarsen threshold 1843 Howl Bitmap #cards 512 size 80 coarsen threshold 460 Card regions per heap region 1 cards per card region 2048
 CPUs: 8 total, 8 available
 Memory: 13968M
 Large Page Support: Disabled
 NUMA Support: Disabled
 Compressed Oops: Enabled (32-bit)
 Heap Region Size: 1M
 Heap Min Capacity: 8M
 Heap Initial Capacity: 220M
 Heap Max Capacity: 2G
 Pre-touch: Disabled
 Parallel Workers: 8
 Concurrent Workers: 2
 Concurrent Refinement Workers: 8
 Periodic GC: Disabled

Heap:
 garbage-first heap   total 71680K, used 58432K [0x0000000080000000, 0x0000000100000000)
  region size 1024K, 47 young (48128K), 8 survivors (8192K)
 Metaspace       used 27602K, committed 28096K, reserved 1114112K
  class space    used 3434K, committed 3648K, reserved 1048576K

Heap Regions: E=young(eden), S=young(survivor), O=old, HS=humongous(starts), HC=humongous(continues), CS=collection set, F=free, TAMS=top-at-mark-start, PB=parsable bottom
|   0|0x0000000080000000, 0x0000000080100000, 0x0000000080100000|100%| O|  |TAMS 0x0000000080000000| PB 0x0000000080000000| Untracked 
|   1|0x0000000080100000, 0x0000000080200000, 0x0000000080200000|100%|HS|  |TAMS 0x0000000080100000| PB 0x0000000080100000| Complete 
|   2|0x0000000080200000, 0x0000000080300000, 0x0000000080300000|100%|HC|  |TAMS 0x0000000080200000| PB 0x0000000080200000| Complete 
|   3|0x0000000080300000, 0x0000000080400000, 0x0000000080400000|100%|HC|  |TAMS 0x0000000080300000| PB 0x0000000080300000| Complete 
|   4|0x0000000080400000, 0x0000000080500000, 0x0000000080500000|100%| O|  |TAMS 0x0000000080400000| PB 0x0000000080400000| Untracked 
|   5|0x0000000080500000, 0x0000000080600000, 0x0000000080600000|100%| O|  |TAMS 0x0000000080500000| PB 0x0000000080500000| Untracked 
|   6|0x0000000080600000, 0x0000000080700000, 0x0000000080700000|100%| O|  |TAMS 0x0000000080600000| PB 0x0000000080600000| Untracked 
|   7|0x0000000080700000, 0x0000000080800000, 0x0000000080800000|100%|HS|  |TAMS 0x0000000080700000| PB 0x0000000080700000| Complete 
|   8|0x0000000080800000, 0x0000000080800000, 0x0000000080900000|  0%| F|  |TAMS 0x0000000080800000| PB 0x0000000080800000| Untracked 
|   9|0x0000000080900000, 0x0000000080a00000, 0x0000000080a00000|100%| O|  |TAMS 0x0000000080900000| PB 0x0000000080900000| Untracked 
|  10|0x0000000080a00000, 0x0000000080b00000, 0x0000000080b00000|100%| O|  |TAMS 0x0000000080a00000| PB 0x0000000080a00000| Untracked 
|  11|0x0000000080b00000, 0x0000000080c00000, 0x0000000080c00000|100%| O|  |TAMS 0x0000000080b00000| PB 0x0000000080b00000| Untracked 
|  12|0x0000000080c00000, 0x0000000080d00000, 0x0000000080d00000|100%| O|  |TAMS 0x0000000080c00000| PB 0x0000000080c00000| Untracked 
|  13|0x0000000080d00000, 0x0000000080d2a1c0, 0x0000000080e00000| 16%| O|Cm|TAMS 0x0000000080d00000| PB 0x0000000080d00000| Complete 
|  14|0x0000000080e00000, 0x0000000080e00000, 0x0000000080f00000|  0%| F|  |TAMS 0x0000000080e00000| PB 0x0000000080e00000| Untracked 
|  15|0x0000000080f00000, 0x0000000080f00000, 0x0000000081000000|  0%| F|  |TAMS 0x0000000080f00000| PB 0x0000000080f00000| Untracked 
|  16|0x0000000081000000, 0x0000000081000000, 0x0000000081100000|  0%| F|  |TAMS 0x0000000081000000| PB 0x0000000081000000| Untracked 
|  17|0x0000000081100000, 0x0000000081100000, 0x0000000081200000|  0%| F|  |TAMS 0x0000000081100000| PB 0x0000000081100000| Untracked 
|  18|0x0000000081200000, 0x0000000081200000, 0x0000000081300000|  0%| F|  |TAMS 0x0000000081200000| PB 0x0000000081200000| Untracked 
|  19|0x0000000081300000, 0x0000000081300000, 0x0000000081400000|  0%| F|  |TAMS 0x0000000081300000| PB 0x0000000081300000| Untracked 
|  20|0x0000000081400000, 0x0000000081400000, 0x0000000081500000|  0%| F|  |TAMS 0x0000000081400000| PB 0x0000000081400000| Untracked 
|  21|0x0000000081500000, 0x0000000081500000, 0x0000000081600000|  0%| F|  |TAMS 0x0000000081500000| PB 0x0000000081500000| Untracked 
|  22|0x0000000081600000, 0x0000000081600000, 0x0000000081700000|  0%| F|  |TAMS 0x0000000081600000| PB 0x0000000081600000| Untracked 
|  23|0x0000000081700000, 0x000000008177f808, 0x0000000081800000| 49%| E|  |TAMS 0x0000000081700000| PB 0x0000000081700000| Complete 
|  24|0x0000000081800000, 0x0000000081900000, 0x0000000081900000|100%| E|CS|TAMS 0x0000000081800000| PB 0x0000000081800000| Complete 
|  25|0x0000000081900000, 0x0000000081a00000, 0x0000000081a00000|100%| E|CS|TAMS 0x0000000081900000| PB 0x0000000081900000| Complete 
|  26|0x0000000081a00000, 0x0000000081b00000, 0x0000000081b00000|100%| E|CS|TAMS 0x0000000081a00000| PB 0x0000000081a00000| Complete 
|  27|0x0000000081b00000, 0x0000000081c00000, 0x0000000081c00000|100%| E|CS|TAMS 0x0000000081b00000| PB 0x0000000081b00000| Complete 
|  28|0x0000000081c00000, 0x0000000081d00000, 0x0000000081d00000|100%| E|CS|TAMS 0x0000000081c00000| PB 0x0000000081c00000| Complete 
|  29|0x0000000081d00000, 0x0000000081e00000, 0x0000000081e00000|100%| E|CS|TAMS 0x0000000081d00000| PB 0x0000000081d00000| Complete 
|  30|0x0000000081e00000, 0x0000000081f00000, 0x0000000081f00000|100%| E|CS|TAMS 0x0000000081e00000| PB 0x0000000081e00000| Complete 
|  31|0x0000000081f00000, 0x0000000082000000, 0x0000000082000000|100%| E|CS|TAMS 0x0000000081f00000| PB 0x0000000081f00000| Complete 
|  32|0x0000000082000000, 0x0000000082100000, 0x0000000082100000|100%| E|  |TAMS 0x0000000082000000| PB 0x0000000082000000| Complete 
|  33|0x0000000082100000, 0x0000000082200000, 0x0000000082200000|100%| E|CS|TAMS 0x0000000082100000| PB 0x0000000082100000| Complete 
|  34|0x0000000082200000, 0x0000000082300000, 0x0000000082300000|100%| E|CS|TAMS 0x0000000082200000| PB 0x0000000082200000| Complete 
|  35|0x0000000082300000, 0x0000000082400000, 0x0000000082400000|100%| E|CS|TAMS 0x0000000082300000| PB 0x0000000082300000| Complete 
|  36|0x0000000082400000, 0x0000000082500000, 0x0000000082500000|100%| E|CS|TAMS 0x0000000082400000| PB 0x0000000082400000| Complete 
|  37|0x0000000082500000, 0x0000000082600000, 0x0000000082600000|100%| E|CS|TAMS 0x0000000082500000| PB 0x0000000082500000| Complete 
|  38|0x0000000082600000, 0x0000000082700000, 0x0000000082700000|100%| E|CS|TAMS 0x0000000082600000| PB 0x0000000082600000| Complete 
|  39|0x0000000082700000, 0x0000000082800000, 0x0000000082800000|100%| E|CS|TAMS 0x0000000082700000| PB 0x0000000082700000| Complete 
|  40|0x0000000082800000, 0x0000000082900000, 0x0000000082900000|100%| E|CS|TAMS 0x0000000082800000| PB 0x0000000082800000| Complete 
|  41|0x0000000082900000, 0x0000000082a00000, 0x0000000082a00000|100%| E|CS|TAMS 0x0000000082900000| PB 0x0000000082900000| Complete 
|  42|0x0000000082a00000, 0x0000000082b00000, 0x0000000082b00000|100%| E|CS|TAMS 0x0000000082a00000| PB 0x0000000082a00000| Complete 
|  43|0x0000000082b00000, 0x0000000082c00000, 0x0000000082c00000|100%| E|CS|TAMS 0x0000000082b00000| PB 0x0000000082b00000| Complete 
|  44|0x0000000082c00000, 0x0000000082d00000, 0x0000000082d00000|100%| E|CS|TAMS 0x0000000082c00000| PB 0x0000000082c00000| Complete 
|  45|0x0000000082d00000, 0x0000000082e00000, 0x0000000082e00000|100%| E|CS|TAMS 0x0000000082d00000| PB 0x0000000082d00000| Complete 
|  46|0x0000000082e00000, 0x0000000082f00000, 0x0000000082f00000|100%| E|CS|TAMS 0x0000000082e00000| PB 0x0000000082e00000| Complete 
|  47|0x0000000082f00000, 0x0000000083000000, 0x0000000083000000|100%| E|CS|TAMS 0x0000000082f00000| PB 0x0000000082f00000| Complete 
|  48|0x0000000083000000, 0x0000000083100000, 0x0000000083100000|100%| E|CS|TAMS 0x0000000083000000| PB 0x0000000083000000| Complete 
|  49|0x0000000083100000, 0x0000000083200000, 0x0000000083200000|100%| E|CS|TAMS 0x0000000083100000| PB 0x0000000083100000| Complete 
|  50|0x0000000083200000, 0x0000000083300000, 0x0000000083300000|100%| E|CS|TAMS 0x0000000083200000| PB 0x0000000083200000| Complete 
|  51|0x0000000083300000, 0x0000000083400000, 0x0000000083400000|100%| E|CS|TAMS 0x0000000083300000| PB 0x0000000083300000| Complete 
|  52|0x0000000083400000, 0x0000000083500000, 0x0000000083500000|100%| E|CS|TAMS 0x0000000083400000| PB 0x0000000083400000| Complete 
|  53|0x0000000083500000, 0x0000000083600000, 0x0000000083600000|100%| E|CS|TAMS 0x0000000083500000| PB 0x0000000083500000| Complete 
|  54|0x0000000083600000, 0x0000000083700000, 0x0000000083700000|100%| E|CS|TAMS 0x0000000083600000| PB 0x0000000083600000| Complete 
|  55|0x0000000083700000, 0x0000000083800000, 0x0000000083800000|100%| E|CS|TAMS 0x0000000083700000| PB 0x0000000083700000| Complete 
|  56|0x0000000083800000, 0x0000000083900000, 0x0000000083900000|100%| E|CS|TAMS 0x0000000083800000| PB 0x0000000083800000| Complete 
|  57|0x0000000083900000, 0x0000000083a00000, 0x0000000083a00000|100%| E|CS|TAMS 0x0000000083900000| PB 0x0000000083900000| Complete 
|  58|0x0000000083a00000, 0x0000000083b00000, 0x0000000083b00000|100%| E|CS|TAMS 0x0000000083a00000| PB 0x0000000083a00000| Complete 
|  59|0x0000000083b00000, 0x0000000083c00000, 0x0000000083c00000|100%| E|CS|TAMS 0x0000000083b00000| PB 0x0000000083b00000| Complete 
|  60|0x0000000083c00000, 0x0000000083d00000, 0x0000000083d00000|100%| E|CS|TAMS 0x0000000083c00000| PB 0x0000000083c00000| Complete 
| 187|0x000000008bb00000, 0x000000008bbe5f28, 0x000000008bc00000| 89%| S|CS|TAMS 0x000000008bb00000| PB 0x000000008bb00000| Complete 
| 188|0x000000008bc00000, 0x000000008bd00000, 0x000000008bd00000|100%| S|CS|TAMS 0x000000008bc00000| PB 0x000000008bc00000| Complete 
| 189|0x000000008bd00000, 0x000000008be00000, 0x000000008be00000|100%| S|CS|TAMS 0x000000008bd00000| PB 0x000000008bd00000| Complete 
| 190|0x000000008be00000, 0x000000008bf00000, 0x000000008bf00000|100%| S|CS|TAMS 0x000000008be00000| PB 0x000000008be00000| Complete 
| 191|0x000000008bf00000, 0x000000008c000000, 0x000000008c000000|100%| S|CS|TAMS 0x000000008bf00000| PB 0x000000008bf00000| Complete 
| 192|0x000000008c000000, 0x000000008c100000, 0x000000008c100000|100%| S|CS|TAMS 0x000000008c000000| PB 0x000000008c000000| Complete 
| 193|0x000000008c100000, 0x000000008c200000, 0x000000008c200000|100%| S|CS|TAMS 0x000000008c100000| PB 0x000000008c100000| Complete 
| 194|0x000000008c200000, 0x000000008c300000, 0x000000008c300000|100%| S|CS|TAMS 0x000000008c200000| PB 0x000000008c200000| Complete 
| 219|0x000000008db00000, 0x000000008dc00000, 0x000000008dc00000|100%| E|CS|TAMS 0x000000008db00000| PB 0x000000008db00000| Complete 

Card table byte_map: [0x0000021253900000,0x0000021253d00000] _byte_map_base: 0x0000021253500000

Marking Bits: (CMBitMap*) 0x00000212408f8050
 Bits: [0x0000021253d00000, 0x0000021255d00000)

Polling page: 0x000002123f080000

Metaspace:

Usage:
  Non-class:     23.60 MB used.
      Class:      3.35 MB used.
       Both:     26.96 MB used.

Virtual space:
  Non-class space:       64.00 MB reserved,      23.88 MB ( 37%) committed,  1 nodes.
      Class space:        1.00 GB reserved,       3.56 MB ( <1%) committed,  1 nodes.
             Both:        1.06 GB reserved,      27.44 MB (  3%) committed. 

Chunk freelists:
   Non-Class:  8.12 MB
       Class:  12.39 MB
        Both:  20.52 MB

MaxMetaspaceSize: unlimited
CompressedClassSpaceSize: 1.00 GB
Initial GC threshold: 21.00 MB
Current GC threshold: 35.31 MB
CDS: off
 - commit_granule_bytes: 65536.
 - commit_granule_words: 8192.
 - virtual_space_node_default_size: 8388608.
 - enlarge_chunks_in_place: 1.
 - use_allocation_guard: 0.


Internal statistics:

num_allocs_failed_limit: 3.
num_arena_births: 686.
num_arena_deaths: 0.
num_vsnodes_births: 2.
num_vsnodes_deaths: 0.
num_space_committed: 439.
num_space_uncommitted: 0.
num_chunks_returned_to_freelist: 3.
num_chunks_taken_from_freelist: 1378.
num_chunk_merges: 3.
num_chunk_splits: 884.
num_chunks_enlarged: 602.
num_inconsistent_stats: 0.

CodeHeap 'non-profiled nmethods': size=120000Kb used=1373Kb max_used=1373Kb free=118626Kb
 bounds [0x000002124b570000, 0x000002124b7e0000, 0x0000021252aa0000]
CodeHeap 'profiled nmethods': size=120000Kb used=5598Kb max_used=5598Kb free=114401Kb
 bounds [0x0000021243aa0000, 0x0000021244020000, 0x000002124afd0000]
CodeHeap 'non-nmethods': size=5760Kb used=1473Kb max_used=1513Kb free=4286Kb
 bounds [0x000002124afd0000, 0x000002124b240000, 0x000002124b570000]
 total_blobs=3385 nmethods=2812 adapters=477
 compilation: enabled
              stopped_count=0, restarted_count=0
 full_count=0

Compilation events (20 events):
Event: 2.691 Thread 0x00000212589c4e50 2803       3       org.gradle.internal.service.DefaultServiceRegistry::access$1500 (6 bytes)
Event: 2.691 Thread 0x00000212589c4e50 nmethod 2803 0x000002124400ed10 code [0x000002124400eec0, 0x000002124400efd8]
Event: 2.691 Thread 0x00000212589c4e50 2805       3       org.gradle.internal.service.DefaultServiceRegistry$CollectingVisitor::visit (25 bytes)
Event: 2.691 Thread 0x00000212589c4e50 nmethod 2805 0x000002124400f090 code [0x000002124400f260, 0x000002124400f530]
Event: 2.699 Thread 0x00000212589c4e50 2808   !   3       org.gradle.internal.classloader.TransformingClassLoader::findClass (203 bytes)
Event: 2.701 Thread 0x00000212589c4e50 nmethod 2808 0x000002124400f610 code [0x000002124400fb20, 0x0000021244011da8]
Event: 2.701 Thread 0x00000212589c4e50 2809       3       org.gradle.initialization.MixInLegacyTypesClassLoader::shouldTransform (42 bytes)
Event: 2.701 Thread 0x00000212589c4e50 nmethod 2809 0x0000021244012d90 code [0x0000021244012f60, 0x0000021244013328]
Event: 2.701 Thread 0x00000212589c4e50 2810       1       java.util.concurrent.atomic.AtomicInteger::get (5 bytes)
Event: 2.701 Thread 0x00000212589c4e50 nmethod 2810 0x000002124b6c7310 code [0x000002124b6c74a0, 0x000002124b6c7568]
Event: 2.719 Thread 0x00000212589c4e50 2811       3       sun.reflect.annotation.AnnotationParser$$Lambda/0x00000001000b4810::get (16 bytes)
Event: 2.719 Thread 0x00000212589c4e50 nmethod 2811 0x0000021244013510 code [0x00000212440136c0, 0x0000021244013868]
Event: 2.719 Thread 0x00000212589c4e50 2812       3       sun.reflect.annotation.AnnotationParser::lambda$parseClassArray$0 (7 bytes)
Event: 2.720 Thread 0x00000212589c4e50 nmethod 2812 0x0000021244013910 code [0x0000021244013ac0, 0x0000021244013bd8]
Event: 2.726 Thread 0x00000212589c4e50 2813       3       org.gradle.internal.service.DefaultServiceRegistry$SingletonService::<init> (58 bytes)
Event: 2.726 Thread 0x00000212589c4e50 nmethod 2813 0x0000021244013c90 code [0x0000021244013f00, 0x0000021244014a48]
Event: 3.229 Thread 0x00000212589c4e50 2815       3       jdk.internal.misc.Unsafe::weakCompareAndSetInt (11 bytes)
Event: 3.229 Thread 0x00000212589c4e50 nmethod 2815 0x0000021244014d90 code [0x0000021244014f20, 0x0000021244015048]
Event: 3.385 Thread 0x00000212589c4e50 2816       3       java.util.concurrent.locks.ReentrantLock$Sync::isHeldExclusively (16 bytes)
Event: 3.385 Thread 0x00000212589c4e50 nmethod 2816 0x0000021244015110 code [0x00000212440152c0, 0x0000021244015450]

GC Heap History (8 events):
Event: 0.454 GC heap before
{Heap before GC invocations=0 (full 0):
 garbage-first heap   total 225280K, used 22528K [0x0000000080000000, 0x0000000100000000)
  region size 1024K, 23 young (23552K), 0 survivors (0K)
 Metaspace       used 7979K, committed 8128K, reserved 1114112K
  class space    used 709K, committed 768K, reserved 1048576K
}
Event: 0.456 GC heap after
{Heap after GC invocations=1 (full 0):
 garbage-first heap   total 225280K, used 3366K [0x0000000080000000, 0x0000000100000000)
  region size 1024K, 3 young (3072K), 3 survivors (3072K)
 Metaspace       used 7979K, committed 8128K, reserved 1114112K
  class space    used 709K, committed 768K, reserved 1048576K
}
Event: 0.935 GC heap before
{Heap before GC invocations=1 (full 0):
 garbage-first heap   total 225280K, used 40230K [0x0000000080000000, 0x0000000100000000)
  region size 1024K, 37 young (37888K), 3 survivors (3072K)
 Metaspace       used 12147K, committed 12352K, reserved 1114112K
  class space    used 1275K, committed 1408K, reserved 1048576K
}
Event: 0.939 GC heap after
{Heap after GC invocations=2 (full 0):
 garbage-first heap   total 225280K, used 11445K [0x0000000080000000, 0x0000000100000000)
  region size 1024K, 5 young (5120K), 5 survivors (5120K)
 Metaspace       used 12147K, committed 12352K, reserved 1114112K
  class space    used 1275K, committed 1408K, reserved 1048576K
}
Event: 1.322 GC heap before
{Heap before GC invocations=2 (full 0):
 garbage-first heap   total 225280K, used 61621K [0x0000000080000000, 0x0000000100000000)
  region size 1024K, 52 young (53248K), 5 survivors (5120K)
 Metaspace       used 14278K, committed 14592K, reserved 1114112K
  class space    used 1558K, committed 1728K, reserved 1048576K
}
Event: 1.326 GC heap after
{Heap after GC invocations=3 (full 0):
 garbage-first heap   total 225280K, used 18100K [0x0000000080000000, 0x0000000100000000)
  region size 1024K, 6 young (6144K), 6 survivors (6144K)
 Metaspace       used 14278K, committed 14592K, reserved 1114112K
  class space    used 1558K, committed 1728K, reserved 1048576K
}
Event: 2.165 GC heap before
{Heap before GC invocations=3 (full 0):
 garbage-first heap   total 225280K, used 42676K [0x0000000080000000, 0x0000000100000000)
  region size 1024K, 31 young (31744K), 6 survivors (6144K)
 Metaspace       used 21114K, committed 21504K, reserved 1114112K
  class space    used 2431K, committed 2624K, reserved 1048576K
}
Event: 2.169 GC heap after
{Heap after GC invocations=4 (full 0):
 garbage-first heap   total 225280K, used 20544K [0x0000000080000000, 0x0000000100000000)
  region size 1024K, 8 young (8192K), 8 survivors (8192K)
 Metaspace       used 21114K, committed 21504K, reserved 1114112K
  class space    used 2431K, committed 2624K, reserved 1048576K
}

Dll operation events (3 events):
Event: 0.011 Loaded shared library C:\Program Files\Android\Android Studio\jbr\bin\java.dll
Event: 0.016 Loaded shared library C:\Program Files\Android\Android Studio\jbr\bin\zip.dll
Event: 0.525 Loaded shared library C:\Program Files\Android\Android Studio\jbr\bin\verify.dll

Deoptimization events (20 events):
Event: 2.396 Thread 0x000002125e9d5b90 DEOPT PACKING pc=0x000002124b63b064 sp=0x0000005814bfc110
Event: 2.396 Thread 0x000002125e9d5b90 DEOPT UNPACKING pc=0x000002124b0246a2 sp=0x0000005814bfc0a8 mode 2
Event: 2.396 Thread 0x000002125e9d5b90 Uncommon trap: trap_request=0xffffffde fr.pc=0x000002124b63b064 relative=0x0000000000000304
Event: 2.396 Thread 0x000002125e9d5b90 Uncommon trap: reason=class_check action=maybe_recompile pc=0x000002124b63b064 method=java.util.regex.Pattern$BmpCharPropertyGreedy.match(Ljava/util/regex/Matcher;ILjava/lang/CharSequence;)Z @ 26 c2
Event: 2.396 Thread 0x000002125e9d5b90 DEOPT PACKING pc=0x000002124b63b064 sp=0x0000005814bfc060
Event: 2.396 Thread 0x000002125e9d5b90 DEOPT UNPACKING pc=0x000002124b0246a2 sp=0x0000005814bfc018 mode 2
Event: 2.425 Thread 0x000002125e9d5b90 DEOPT PACKING pc=0x0000021243b8b259 sp=0x0000005814bfa620
Event: 2.425 Thread 0x000002125e9d5b90 DEOPT UNPACKING pc=0x000002124b024e42 sp=0x0000005814bf9ab8 mode 0
Event: 2.456 Thread 0x000002125e9d5b90 Uncommon trap: trap_request=0xffffff45 fr.pc=0x000002124b59612c relative=0x0000000000000d2c
Event: 2.456 Thread 0x000002125e9d5b90 Uncommon trap: reason=unstable_if action=reinterpret pc=0x000002124b59612c method=java.io.WinNTFileSystem.resolve(Ljava/lang/String;Ljava/lang/String;)Ljava/lang/String; @ 19 c2
Event: 2.456 Thread 0x000002125e9d5b90 DEOPT PACKING pc=0x000002124b59612c sp=0x0000005814bfb520
Event: 2.456 Thread 0x000002125e9d5b90 DEOPT UNPACKING pc=0x000002124b0246a2 sp=0x0000005814bfb4b8 mode 2
Event: 2.457 Thread 0x000002125e9d5b90 Uncommon trap: trap_request=0xffffff45 fr.pc=0x000002124b5a2808 relative=0x0000000000000628
Event: 2.457 Thread 0x000002125e9d5b90 Uncommon trap: reason=unstable_if action=reinterpret pc=0x000002124b5a2808 method=java.io.File.getName()Ljava/lang/String; @ 16 c2
Event: 2.457 Thread 0x000002125e9d5b90 DEOPT PACKING pc=0x000002124b5a2808 sp=0x0000005814bfb4e0
Event: 2.457 Thread 0x000002125e9d5b90 DEOPT UNPACKING pc=0x000002124b0246a2 sp=0x0000005814bfb4b0 mode 2
Event: 2.494 Thread 0x000002125e9d5b90 Uncommon trap: trap_request=0xffffff45 fr.pc=0x000002124b59b310 relative=0x00000000000000f0
Event: 2.494 Thread 0x000002125e9d5b90 Uncommon trap: reason=unstable_if action=reinterpret pc=0x000002124b59b310 method=java.util.HashMap.hash(Ljava/lang/Object;)I @ 1 c2
Event: 2.494 Thread 0x000002125e9d5b90 DEOPT PACKING pc=0x000002124b59b310 sp=0x0000005814bfc540
Event: 2.494 Thread 0x000002125e9d5b90 DEOPT UNPACKING pc=0x000002124b0246a2 sp=0x0000005814bfc480 mode 2

Classes loaded (20 events):
Event: 2.570 Loading class java/lang/invoke/BoundMethodHandle$Species_LLLLLLLLLLLLLLL
Event: 2.570 Loading class java/lang/invoke/BoundMethodHandle$Species_LLLLLLLLLLLLLLL done
Event: 2.572 Loading class java/lang/invoke/BoundMethodHandle$Species_LLLLLLLLLLLLLLLL
Event: 2.572 Loading class java/lang/invoke/BoundMethodHandle$Species_LLLLLLLLLLLLLLLL done
Event: 2.575 Loading class java/lang/invoke/BoundMethodHandle$Species_LLLLLLLLLLLLLLLLL
Event: 2.575 Loading class java/lang/invoke/BoundMethodHandle$Species_LLLLLLLLLLLLLLLLL done
Event: 2.578 Loading class java/lang/invoke/BoundMethodHandle$Species_LLLLLLLLLLLLLLLLLL
Event: 2.578 Loading class java/lang/invoke/BoundMethodHandle$Species_LLLLLLLLLLLLLLLLLL done
Event: 2.582 Loading class java/lang/invoke/BoundMethodHandle$Species_LLLLLLLLLLLLLLLLLLL
Event: 2.582 Loading class java/lang/invoke/BoundMethodHandle$Species_LLLLLLLLLLLLLLLLLLL done
Event: 2.585 Loading class java/lang/invoke/BoundMethodHandle$Species_LLLLLLLLLLLLLLLLLLLL
Event: 2.585 Loading class java/lang/invoke/BoundMethodHandle$Species_LLLLLLLLLLLLLLLLLLLL done
Event: 2.588 Loading class java/lang/invoke/BoundMethodHandle$Species_LLLLLLLLLLLLLLLLLLLLL
Event: 2.588 Loading class java/lang/invoke/BoundMethodHandle$Species_LLLLLLLLLLLLLLLLLLLLL done
Event: 2.591 Loading class java/lang/invoke/BoundMethodHandle$Species_LLLLLLLLLLLLLLLLLLLLLL
Event: 2.591 Loading class java/lang/invoke/BoundMethodHandle$Species_LLLLLLLLLLLLLLLLLLLLLL done
Event: 2.594 Loading class java/lang/invoke/BoundMethodHandle$Species_LLLLLLLLLLLLLLLLLLLLLLL
Event: 2.594 Loading class java/lang/invoke/BoundMethodHandle$Species_LLLLLLLLLLLLLLLLLLLLLLL done
Event: 2.639 Loading class java/util/Collections$2
Event: 2.639 Loading class java/util/Collections$2 done

Classes unloaded (0 events):
No events

Classes redefined (0 events):
No events

Internal exceptions (20 events):
Event: 2.394 Thread 0x000002125e9d5b90 Exception <a 'java/lang/IncompatibleClassChangeError'{0x0000000082d48318}: Found class java.lang.Object, but interface was expected> (0x0000000082d48318) 
thrown [s\src\hotspot\share\interpreter\linkResolver.cpp, line 851]
Event: 2.408 Thread 0x000002125e9d5b90 Exception <a 'java/lang/NoSuchMethodError'{0x0000000082c68f58}: 'java.lang.Object java.lang.invoke.DirectMethodHandle$Holder.newInvokeSpecial(java.lang.Object, java.lang.Object, int)'> (0x0000000082c68f58) 
thrown [s\src\hotspot\share\interpreter\linkResolver.cpp, line 784]
Event: 2.444 Thread 0x000002125e9d5b90 Exception <a 'java/lang/NoSuchMethodError'{0x0000000082871160}: 'java.lang.Object java.lang.invoke.DirectMethodHandle$Holder.invokeVirtual(java.lang.Object, java.lang.Object, java.lang.Object, java.lang.Object, java.lang.Object, java.lang.Object, java.lang.Object, java.lang.Object)'> (0x0000000082871160) 
thrown [s\src\hotspot\share\interpreter\linkResolver.cpp, line 784]
Event: 2.480 Thread 0x000002125e9d5b90 Exception <a 'java/lang/NoSuchMethodError'{0x00000000826dcc80}: 'int java.lang.invoke.DirectMethodHandle$Holder.invokeSpecialIFC(java.lang.Object, java.lang.Object, java.lang.Object, java.lang.Object)'> (0x00000000826dcc80) 
thrown [s\src\hotspot\share\interpreter\linkResolver.cpp, line 784]
Event: 2.480 Thread 0x000002125e9d5b90 Exception <a 'java/lang/NoSuchMethodError'{0x00000000826ea4c8}: 'java.lang.Object java.lang.invoke.DirectMethodHandle$Holder.invokeInterface(java.lang.Object, java.lang.Object, java.lang.Object)'> (0x00000000826ea4c8) 
thrown [s\src\hotspot\share\interpreter\linkResolver.cpp, line 784]
Event: 2.481 Thread 0x000002125e9d5b90 Exception <a 'java/lang/IncompatibleClassChangeError'{0x00000000826ee0e0}: Found class java.lang.Object, but interface was expected> (0x00000000826ee0e0) 
thrown [s\src\hotspot\share\interpreter\linkResolver.cpp, line 851]
Event: 2.494 Thread 0x000002125e9d5b90 Implicit null exception at 0x000002124b59b266 to 0x000002124b59b306
Event: 2.510 Thread 0x000002125e9d5b90 Exception <a 'java/lang/NoSuchMethodError'{0x00000000824d2b40}: 'int java.lang.invoke.DirectMethodHandle$Holder.invokeStatic(java.lang.Object, java.lang.Object, java.lang.Object, java.lang.Object)'> (0x00000000824d2b40) 
thrown [s\src\hotspot\share\interpreter\linkResolver.cpp, line 784]
Event: 2.562 Thread 0x000002125e9d5b90 Exception <a 'java/lang/NoSuchMethodError'{0x00000000822c9248}: 'java.lang.Object java.lang.invoke.DelegatingMethodHandle$Holder.reinvoke_L(java.lang.Object, java.lang.Object, java.lang.Object, java.lang.Object, java.lang.Object, java.lang.Object, java.lang.Object, java.lang.Object, java.lang.Object, java.lang.Object, java.lang.Object, java.lang.Object, java.lang.Object, java.lang.Object, java.lang.Object, java.lang.Object, java.lang.Object, java.lang.Object, java.lang.Object, java.lang.Object, java.lang.O
Event: 2.569 Thread 0x000002125e9d5b90 Exception <a 'java/lang/NoSuchMethodError'{0x0000000082137158}: 'java.lang.Object java.lang.invoke.DirectMethodHandle$Holder.invokeStatic(java.lang.Object, java.lang.Object, java.lang.Object, java.lang.Object, java.lang.Object, java.lang.Object, java.lang.Object, java.lang.Object, java.lang.Object, java.lang.Object, java.lang.Object, java.lang.Object, java.lang.Object, java.lang.Object, java.lang.Object, java.lang.Object, java.lang.Object)'> (0x0000000082137158) 
thrown [s\src\hotspot\share\interpreter\lin
Event: 2.571 Thread 0x000002125e9d5b90 Exception <a 'java/lang/NoSuchMethodError'{0x000000008215ff20}: 'java.lang.Object java.lang.invoke.DirectMethodHandle$Holder.invokeStatic(java.lang.Object, java.lang.Object, java.lang.Object, java.lang.Object, java.lang.Object, java.lang.Object, java.lang.Object, java.lang.Object, java.lang.Object, java.lang.Object, java.lang.Object, java.lang.Object, java.lang.Object, java.lang.Object, java.lang.Object, java.lang.Object, java.lang.Object, java.lang.Object)'> (0x000000008215ff20) 
thrown [s\src\hotspot\sha
Event: 2.574 Thread 0x000002125e9d5b90 Exception <a 'java/lang/NoSuchMethodError'{0x000000008218a228}: 'java.lang.Object java.lang.invoke.DirectMethodHandle$Holder.invokeStatic(java.lang.Object, java.lang.Object, java.lang.Object, java.lang.Object, java.lang.Object, java.lang.Object, java.lang.Object, java.lang.Object, java.lang.Object, java.lang.Object, java.lang.Object, java.lang.Object, java.lang.Object, java.lang.Object, java.lang.Object, java.lang.Object, java.lang.Object, java.lang.Object, java.lang.Object)'> (0x000000008218a228) 
thrown 
Event: 2.577 Thread 0x000002125e9d5b90 Exception <a 'java/lang/NoSuchMethodError'{0x00000000821b5718}: 'java.lang.Object java.lang.invoke.DirectMethodHandle$Holder.invokeStatic(java.lang.Object, java.lang.Object, java.lang.Object, java.lang.Object, java.lang.Object, java.lang.Object, java.lang.Object, java.lang.Object, java.lang.Object, java.lang.Object, java.lang.Object, java.lang.Object, java.lang.Object, java.lang.Object, java.lang.Object, java.lang.Object, java.lang.Object, java.lang.Object, java.lang.Object, java.lang.Object)'> (0x00000000
Event: 2.580 Thread 0x000002125e9d5b90 Exception <a 'java/lang/NoSuchMethodError'{0x00000000821e1e18}: 'java.lang.Object java.lang.invoke.DirectMethodHandle$Holder.invokeStatic(java.lang.Object, java.lang.Object, java.lang.Object, java.lang.Object, java.lang.Object, java.lang.Object, java.lang.Object, java.lang.Object, java.lang.Object, java.lang.Object, java.lang.Object, java.lang.Object, java.lang.Object, java.lang.Object, java.lang.Object, java.lang.Object, java.lang.Object, java.lang.Object, java.lang.Object, java.lang.Object, java.lang.Obj
Event: 2.584 Thread 0x000002125e9d5b90 Exception <a 'java/lang/NoSuchMethodError'{0x000000008200fc00}: 'java.lang.Object java.lang.invoke.DirectMethodHandle$Holder.invokeStatic(java.lang.Object, java.lang.Object, java.lang.Object, java.lang.Object, java.lang.Object, java.lang.Object, java.lang.Object, java.lang.Object, java.lang.Object, java.lang.Object, java.lang.Object, java.lang.Object, java.lang.Object, java.lang.Object, java.lang.Object, java.lang.Object, java.lang.Object, java.lang.Object, java.lang.Object, java.lang.Object, java.lang.Obj
Event: 2.587 Thread 0x000002125e9d5b90 Exception <a 'java/lang/NoSuchMethodError'{0x000000008203def8}: 'java.lang.Object java.lang.invoke.DirectMethodHandle$Holder.invokeStatic(java.lang.Object, java.lang.Object, java.lang.Object, java.lang.Object, java.lang.Object, java.lang.Object, java.lang.Object, java.lang.Object, java.lang.Object, java.lang.Object, java.lang.Object, java.lang.Object, java.lang.Object, java.lang.Object, java.lang.Object, java.lang.Object, java.lang.Object, java.lang.Object, java.lang.Object, java.lang.Object, java.lang.Obj
Event: 2.589 Thread 0x000002125e9d5b90 Exception <a 'java/lang/NoSuchMethodError'{0x000000008206d128}: 'java.lang.Object java.lang.invoke.DirectMethodHandle$Holder.invokeStatic(java.lang.Object, java.lang.Object, java.lang.Object, java.lang.Object, java.lang.Object, java.lang.Object, java.lang.Object, java.lang.Object, java.lang.Object, java.lang.Object, java.lang.Object, java.lang.Object, java.lang.Object, java.lang.Object, java.lang.Object, java.lang.Object, java.lang.Object, java.lang.Object, java.lang.Object, java.lang.Object, java.lang.Obj
Event: 2.592 Thread 0x000002125e9d5b90 Exception <a 'java/lang/NoSuchMethodError'{0x000000008209d978}: 'java.lang.Object java.lang.invoke.DirectMethodHandle$Holder.invokeStatic(java.lang.Object, java.lang.Object, java.lang.Object, java.lang.Object, java.lang.Object, java.lang.Object, java.lang.Object, java.lang.Object, java.lang.Object, java.lang.Object, java.lang.Object, java.lang.Object, java.lang.Object, java.lang.Object, java.lang.Object, java.lang.Object, java.lang.Object, java.lang.Object, java.lang.Object, java.lang.Object, java.lang.Obj
Event: 2.596 Thread 0x000002125e9d5b90 Exception <a 'java/lang/NoSuchMethodError'{0x00000000820cf0b8}: 'java.lang.Object java.lang.invoke.DirectMethodHandle$Holder.invokeStatic(java.lang.Object, java.lang.Object, java.lang.Object, java.lang.Object, java.lang.Object, java.lang.Object, java.lang.Object, java.lang.Object, java.lang.Object, java.lang.Object, java.lang.Object, java.lang.Object, java.lang.Object, java.lang.Object, java.lang.Object, java.lang.Object, java.lang.Object, java.lang.Object, java.lang.Object, java.lang.Object, java.lang.Obj
Event: 2.620 Thread 0x000002125e9d5b90 Exception <a 'java/lang/IncompatibleClassChangeError'{0x0000000081fc8740}: Found class java.lang.Object, but interface was expected> (0x0000000081fc8740) 
thrown [s\src\hotspot\share\interpreter\linkResolver.cpp, line 851]

ZGC Phase Switch (0 events):
No events

VM Operations (20 events):
Event: 1.908 Executing VM operation: HandshakeAllThreads (Deoptimize) done
Event: 1.945 Executing VM operation: HandshakeAllThreads (Deoptimize)
Event: 1.945 Executing VM operation: HandshakeAllThreads (Deoptimize) done
Event: 2.022 Executing VM operation: HandshakeAllThreads (Deoptimize)
Event: 2.023 Executing VM operation: HandshakeAllThreads (Deoptimize) done
Event: 2.061 Executing VM operation: HandshakeAllThreads (Deoptimize)
Event: 2.062 Executing VM operation: HandshakeAllThreads (Deoptimize) done
Event: 2.165 Executing VM operation: CollectForMetadataAllocation (Metadata GC Threshold)
Event: 2.169 Executing VM operation: CollectForMetadataAllocation (Metadata GC Threshold) done
Event: 2.173 Executing VM operation: G1PauseRemark
Event: 2.174 Executing VM operation: G1PauseRemark done
Event: 2.177 Executing VM operation: G1PauseCleanup
Event: 2.178 Executing VM operation: G1PauseCleanup done
Event: 2.406 Executing VM operation: HandshakeAllThreads (Deoptimize)
Event: 2.406 Executing VM operation: HandshakeAllThreads (Deoptimize) done
Event: 2.604 Executing VM operation: HandshakeAllThreads (Deoptimize)
Event: 2.604 Executing VM operation: HandshakeAllThreads (Deoptimize) done
Event: 2.605 Executing VM operation: HandshakeAllThreads (Deoptimize)
Event: 2.605 Executing VM operation: HandshakeAllThreads (Deoptimize) done
Event: 3.619 Executing VM operation: Cleanup

Memory protections (0 events):
No events

Nmethod flushes (0 events):
No events

Events (20 events):
Event: 0.651 Loaded shared library C:\Users\USER\.gradle\native\100fb08df4bc3b14c8652ba06237920a3bd2aa13389f12d3474272988ae205f9\windows-amd64\native-platform-file-events.dll
Event: 1.092 Thread 0x000002125d220460 Thread exited: 0x000002125d220460
Event: 1.736 Thread 0x000002125d2218d0 Thread exited: 0x000002125d2218d0
Event: 1.795 Loaded shared library C:\Program Files\Android\Android Studio\jbr\bin\management.dll
Event: 1.799 Loaded shared library C:\Program Files\Android\Android Studio\jbr\bin\management_ext.dll
Event: 1.842 Thread 0x000002124089c780 Thread added: 0x000002125e9d3430
Event: 1.966 Loaded shared library C:\Program Files\Android\Android Studio\jbr\bin\extnet.dll
Event: 2.005 Thread 0x000002124089c780 Thread added: 0x000002125e9d6220
Event: 2.052 Thread 0x000002124089c780 Thread added: 0x000002125e9d5500
Event: 2.078 Thread 0x000002125e9d6220 Thread added: 0x000002125e9d4150
Event: 2.079 Thread 0x000002125e9d4150 Thread added: 0x000002125e9d47e0
Event: 2.103 Thread 0x000002125e9d4150 Thread added: 0x000002125e9d4e70
Event: 2.111 Thread 0x000002125e9d4150 Thread added: 0x000002125e9d5b90
Event: 2.120 Thread 0x000002125e9d5b90 Thread added: 0x000002125e9d2da0
Event: 2.124 Thread 0x000002125e9d5b90 Thread added: 0x000002125e9d3ac0
Event: 2.125 Thread 0x000002125e9d5b90 Thread added: 0x000002125eaa82a0
Event: 2.407 Thread 0x000002125e9d5b90 Thread added: 0x000002125eaa7c10
Event: 2.414 Thread 0x000002125e9d5b90 Thread added: 0x000002125eaa8930
Event: 2.433 Thread 0x000002125e9d5b90 Thread added: 0x000002125eaa7580
Event: 2.533 Thread 0x00000212589c4e50 Thread added: 0x000002125ee0b0d0


Dynamic libraries:
0x00007ff605340000 - 0x00007ff60534a000 	C:\Program Files\Android\Android Studio\jbr\bin\java.exe
0x00007ffe853c0000 - 0x00007ffe85625000 	C:\WINDOWS\SYSTEM32\ntdll.dll
0x00007ffe85270000 - 0x00007ffe85339000 	C:\WINDOWS\System32\KERNEL32.DLL
0x00007ffe827b0000 - 0x00007ffe82b98000 	C:\WINDOWS\System32\KERNELBASE.dll
0x00007ffe82ba0000 - 0x00007ffe82ceb000 	C:\WINDOWS\System32\ucrtbase.dll
0x00007ffe74110000 - 0x00007ffe74128000 	C:\Program Files\Android\Android Studio\jbr\bin\jli.dll
0x00007ffe84bb0000 - 0x00007ffe84d7a000 	C:\WINDOWS\System32\USER32.dll
0x00007ffe7cf20000 - 0x00007ffe7cf3b000 	C:\Program Files\Android\Android Studio\jbr\bin\VCRUNTIME140.dll
0x00007ffe825b0000 - 0x00007ffe825d7000 	C:\WINDOWS\System32\win32u.dll
0x00007ffe67450000 - 0x00007ffe676ea000 	C:\WINDOWS\WinSxS\amd64_microsoft.windows.common-controls_6595b64144ccf1df_6.0.26100.4202_none_3e0698d4e335f517\COMCTL32.dll
0x00007ffe83b80000 - 0x00007ffe83bab000 	C:\WINDOWS\System32\GDI32.dll
0x00007ffe82670000 - 0x00007ffe827a7000 	C:\WINDOWS\System32\gdi32full.dll
0x00007ffe851c0000 - 0x00007ffe85269000 	C:\WINDOWS\System32\msvcrt.dll
0x00007ffe82ff0000 - 0x00007ffe83093000 	C:\WINDOWS\System32\msvcp_win.dll
0x00007ffe85340000 - 0x00007ffe85370000 	C:\WINDOWS\System32\IMM32.DLL
0x00007ffe7ce70000 - 0x00007ffe7ce7c000 	C:\Program Files\Android\Android Studio\jbr\bin\vcruntime140_1.dll
0x00007ffe48070000 - 0x00007ffe480fd000 	C:\Program Files\Android\Android Studio\jbr\bin\msvcp140.dll
0x00007ffe184a0000 - 0x00007ffe1912b000 	C:\Program Files\Android\Android Studio\jbr\bin\server\jvm.dll
0x00007ffe83c30000 - 0x00007ffe83ce3000 	C:\WINDOWS\System32\ADVAPI32.dll
0x00007ffe84d80000 - 0x00007ffe84e26000 	C:\WINDOWS\System32\sechost.dll
0x00007ffe84430000 - 0x00007ffe84545000 	C:\WINDOWS\System32\RPCRT4.dll
0x00007ffe83bb0000 - 0x00007ffe83c24000 	C:\WINDOWS\System32\WS2_32.dll
0x00007ffe82360000 - 0x00007ffe823be000 	C:\WINDOWS\SYSTEM32\POWRPROF.dll
0x00007ffe79d10000 - 0x00007ffe79d45000 	C:\WINDOWS\SYSTEM32\WINMM.dll
0x00007ffe68e50000 - 0x00007ffe68e5b000 	C:\WINDOWS\SYSTEM32\VERSION.dll
0x00007ffe82340000 - 0x00007ffe82354000 	C:\WINDOWS\SYSTEM32\UMPDC.dll
0x00007ffe81290000 - 0x00007ffe812ab000 	C:\WINDOWS\SYSTEM32\kernel.appcore.dll
0x00007ffe74660000 - 0x00007ffe7466a000 	C:\Program Files\Android\Android Studio\jbr\bin\jimage.dll
0x00007ffe7fd00000 - 0x00007ffe7ff41000 	C:\WINDOWS\SYSTEM32\DBGHELP.DLL
0x00007ffe84820000 - 0x00007ffe84ba5000 	C:\WINDOWS\System32\combase.dll
0x00007ffe84e80000 - 0x00007ffe84f61000 	C:\WINDOWS\System32\OLEAUT32.dll
0x00007ffe64520000 - 0x00007ffe64559000 	C:\WINDOWS\SYSTEM32\dbgcore.DLL
0x00007ffe82510000 - 0x00007ffe825a9000 	C:\WINDOWS\System32\bcryptPrimitives.dll
0x00007ffe74100000 - 0x00007ffe7410e000 	C:\Program Files\Android\Android Studio\jbr\bin\instrument.dll
0x00007ffe74640000 - 0x00007ffe74660000 	C:\Program Files\Android\Android Studio\jbr\bin\java.dll
0x00007ffe74620000 - 0x00007ffe74638000 	C:\Program Files\Android\Android Studio\jbr\bin\zip.dll
0x00007ffe833e0000 - 0x00007ffe83b22000 	C:\WINDOWS\System32\SHELL32.dll
0x00007ffe82cf0000 - 0x00007ffe82e64000 	C:\WINDOWS\System32\wintypes.dll
0x00007ffe80130000 - 0x00007ffe80988000 	C:\WINDOWS\SYSTEM32\windows.storage.dll
0x00007ffe84720000 - 0x00007ffe84811000 	C:\WINDOWS\System32\SHCORE.dll
0x00007ffe850f0000 - 0x00007ffe8515a000 	C:\WINDOWS\System32\shlwapi.dll
0x00007ffe82420000 - 0x00007ffe8244f000 	C:\WINDOWS\SYSTEM32\profapi.dll
0x00007ffe74000000 - 0x00007ffe74010000 	C:\Program Files\Android\Android Studio\jbr\bin\net.dll
0x00007ffe71f80000 - 0x00007ffe7209e000 	C:\WINDOWS\SYSTEM32\WINHTTP.dll
0x00007ffe817e0000 - 0x00007ffe8184a000 	C:\WINDOWS\system32\mswsock.dll
0x00007ffe73150000 - 0x00007ffe73166000 	C:\Program Files\Android\Android Studio\jbr\bin\nio.dll
0x00007ffe6b0c0000 - 0x00007ffe6b0d0000 	C:\Program Files\Android\Android Studio\jbr\bin\verify.dll
0x00007ffe531c0000 - 0x00007ffe531e7000 	C:\Users\USER\.gradle\native\c067742578af261105cb4f569cf0c3c89f3d7b1fecec35dd04571415982c5e48\windows-amd64\native-platform.dll
0x00007ffe19d90000 - 0x00007ffe19ed4000 	C:\Users\USER\.gradle\native\100fb08df4bc3b14c8652ba06237920a3bd2aa13389f12d3474272988ae205f9\windows-amd64\native-platform-file-events.dll
0x00007ffe73360000 - 0x00007ffe73369000 	C:\Program Files\Android\Android Studio\jbr\bin\management.dll
0x00007ffe6b0e0000 - 0x00007ffe6b0eb000 	C:\Program Files\Android\Android Studio\jbr\bin\management_ext.dll
0x00007ffe831f0000 - 0x00007ffe831f8000 	C:\WINDOWS\System32\PSAPI.DLL
0x00007ffe81bc0000 - 0x00007ffe81bdb000 	C:\WINDOWS\SYSTEM32\CRYPTSP.dll
0x00007ffe811f0000 - 0x00007ffe8122a000 	C:\WINDOWS\system32\rsaenh.dll
0x00007ffe81880000 - 0x00007ffe818ab000 	C:\WINDOWS\SYSTEM32\USERENV.dll
0x00007ffe823f0000 - 0x00007ffe82416000 	C:\WINDOWS\SYSTEM32\bcrypt.dll
0x00007ffe81a20000 - 0x00007ffe81a2c000 	C:\WINDOWS\SYSTEM32\CRYPTBASE.dll
0x00007ffe80ca0000 - 0x00007ffe80cd3000 	C:\WINDOWS\SYSTEM32\IPHLPAPI.DLL
0x00007ffe84550000 - 0x00007ffe8455a000 	C:\WINDOWS\System32\NSI.dll
0x00007ffe73ff0000 - 0x00007ffe73ff9000 	C:\Program Files\Android\Android Studio\jbr\bin\extnet.dll
0x00007ffe6bd80000 - 0x00007ffe6bd88000 	C:\WINDOWS\system32\wshunix.dll

dbghelp: loaded successfully - version: 4.0.5 - missing functions: none
symbol engine: initialized successfully - sym options: 0x614 - pdb path: .;C:\Program Files\Android\Android Studio\jbr\bin;C:\WINDOWS\SYSTEM32;C:\WINDOWS\WinSxS\amd64_microsoft.windows.common-controls_6595b64144ccf1df_6.0.26100.4202_none_3e0698d4e335f517;C:\Program Files\Android\Android Studio\jbr\bin\server;C:\Users\USER\.gradle\native\c067742578af261105cb4f569cf0c3c89f3d7b1fecec35dd04571415982c5e48\windows-amd64;C:\Users\USER\.gradle\native\100fb08df4bc3b14c8652ba06237920a3bd2aa13389f12d3474272988ae205f9\windows-amd64

VM Arguments:
jvm_args: --add-opens=java.base/java.lang=ALL-UNNAMED --add-opens=java.base/java.lang.invoke=ALL-UNNAMED --add-opens=java.base/java.util=ALL-UNNAMED --add-opens=java.prefs/java.util.prefs=ALL-UNNAMED --add-exports=jdk.compiler/com.sun.tools.javac.api=ALL-UNNAMED --add-exports=jdk.compiler/com.sun.tools.javac.util=ALL-UNNAMED --add-opens=java.base/java.util=ALL-UNNAMED --add-opens=java.prefs/java.util.prefs=ALL-UNNAMED --add-opens=java.base/java.nio.charset=ALL-UNNAMED --add-opens=java.base/java.net=ALL-UNNAMED --add-opens=java.base/java.util.concurrent.atomic=ALL-UNNAMED --add-opens=java.xml/javax.xml.namespace=ALL-UNNAMED -Xmx2048m -Dfile.encoding=UTF-8 -Duser.country=US -Duser.language=en -Duser.variant -javaagent:C:\Users\USER\.gradle\wrapper\dists\gradle-8.11.1-bin\bpt9gzteqjrbo1mjrsomdt32c\gradle-8.11.1\lib\agents\gradle-instrumentation-agent-8.11.1.jar 
java_command: org.gradle.launcher.daemon.bootstrap.GradleDaemon 8.11.1
java_class_path (initial): C:\Users\USER\.gradle\wrapper\dists\gradle-8.11.1-bin\bpt9gzteqjrbo1mjrsomdt32c\gradle-8.11.1\lib\gradle-daemon-main-8.11.1.jar
Launcher Type: SUN_STANDARD

[Global flags]
     intx CICompilerCount                          = 4                                         {product} {ergonomic}
     uint ConcGCThreads                            = 2                                         {product} {ergonomic}
     uint G1ConcRefinementThreads                  = 8                                         {product} {ergonomic}
   size_t G1HeapRegionSize                         = 1048576                                   {product} {ergonomic}
    uintx GCDrainStackTargetSize                   = 64                                        {product} {ergonomic}
   size_t InitialHeapSize                          = 230686720                                 {product} {ergonomic}
   size_t MarkStackSize                            = 4194304                                   {product} {ergonomic}
   size_t MaxHeapSize                              = 2147483648                                {product} {command line}
   size_t MaxNewSize                               = 1287651328                                {product} {ergonomic}
   size_t MinHeapDeltaBytes                        = 1048576                                   {product} {ergonomic}
   size_t MinHeapSize                              = 8388608                                   {product} {ergonomic}
    uintx NonNMethodCodeHeapSize                   = 5839372                                {pd product} {ergonomic}
    uintx NonProfiledCodeHeapSize                  = 122909434                              {pd product} {ergonomic}
    uintx ProfiledCodeHeapSize                     = 122909434                              {pd product} {ergonomic}
    uintx ReservedCodeCacheSize                    = 251658240                              {pd product} {ergonomic}
     bool SegmentedCodeCache                       = true                                      {product} {ergonomic}
   size_t SoftMaxHeapSize                          = 2147483648                             {manageable} {ergonomic}
     bool UseCompressedOops                        = true                           {product lp64_product} {ergonomic}
     bool UseG1GC                                  = true                                      {product} {ergonomic}
     bool UseLargePagesIndividualAllocation        = false                                  {pd product} {ergonomic}

Logging:
Log output configuration:
 #0: stdout all=warning uptime,level,tags foldmultilines=false
 #1: stderr all=off uptime,level,tags foldmultilines=false

Environment Variables:
PATH=E:\oracle\product\10.2.0\db_1\bin;E:\oracle\product\10.2.0\client_1\bin;C:\Program Files (x86)\oh-my-posh\bin\;C:\Program Files\Common Files\Oracle\Java\javapath;C:\WINDOWS\system32;C:\WINDOWS;C:\WINDOWS\System32\Wbem;C:\WINDOWS\System32\WindowsPowerShell\v1.0\;C:\WINDOWS\System32\OpenSSH\;C:\Program Files\Java\jdk-23\bin;C:\Users\USER\AppData\Local\Programs\Python\Python313;C:\Users\USER\AppData\Local\Programs\Python\Python313\Lib\site-packages;C:\Program Files\nodejs\;C:\ProgramData\chocolatey\bin;C:\Program Files\Git\cmd;C:\Program Files\Cloudflare\Cloudflare WARP\;C:\Users\USER\AppData\Local\Programs\oh-my-posh\bin\;C:\Users\USER\AppData\Local\Programs\Python\Launcher\;C:\Users\USER\AppData\Local\Microsoft\WindowsApps;C:\Users\USER\AppData\Local\Programs\Microsoft VS Code\bin;C:\Users\USER\AppData\Local\Programs\Python\Python313;C:\Users\USER\AppData\Local\Programs\Python\Python313\Lib\site-packages;C:\Users\USER\AppData\Roaming\npm;C:\Program Files\JetBrains\IntelliJ IDEA Community Edition 2024.3.4.1\bin;
USERNAME=USER
OS=Windows_NT
PROCESSOR_IDENTIFIER=Intel64 Family 6 Model 186 Stepping 3, GenuineIntel
TMP=C:\Users\USER\AppData\Local\Temp
TEMP=C:\Users\USER\AppData\Local\Temp




Periodic native trim disabled

JNI global refs:
JNI global refs: 23, weak refs: 0

JNI global refs memory usage: 835, weak refs: 833

Process memory usage:
Resident Set Size: 179416K (1% of 14304156K total physical memory with 2347036K free physical memory)

OOME stack traces (most recent first):
Classloader memory used:
Loader bootstrap                                                                       : 16017K
Loader org.gradle.internal.classloader.VisitableURLClassLoader                         : 10173K
Loader org.gradle.initialization.MixInLegacyTypesClassLoader                           : 1081K
Loader jdk.internal.loader.ClassLoaders$AppClassLoader                                 : 234K
Loader jdk.internal.loader.ClassLoaders$PlatformClassLoader                            : 114K

Classes loaded by more than one classloader:
Class org.gradle.internal.classloader.FilteringClassLoader                            : loaded 2 times (x 101B)
Class org.gradle.internal.classloader.ClassLoaderHierarchy                            : loaded 2 times (x 66B)
Class org.gradle.api.internal.classpath.ManifestUtil                                  : loaded 2 times (x 67B)
Class org.gradle.internal.classloader.DefaultClassLoaderFactory                       : loaded 2 times (x 78B)
Class org.gradle.internal.classloader.ClassLoaderVisitor                              : loaded 2 times (x 72B)
Class org.gradle.api.internal.classpath.EffectiveClassPath                            : loaded 2 times (x 86B)
Class org.gradle.api.internal.DefaultClassPathProvider                                : loaded 2 times (x 72B)
Class [Lorg.gradle.api.internal.ClassPathProvider;                                    : loaded 2 times (x 65B)
Class org.gradle.api.internal.ClassPathProvider                                       : loaded 2 times (x 66B)
Class org.gradle.internal.service.UnknownServiceException                             : loaded 2 times (x 79B)
Class org.gradle.internal.classpath.TransformedClassPath                              : loaded 2 times (x 92B)
Class org.gradle.internal.classloader.InstrumentingClassLoader                        : loaded 2 times (x 66B)
Class org.gradle.internal.service.ServiceLocator                                      : loaded 2 times (x 66B)
Class org.gradle.internal.InternalTransformer                                         : loaded 2 times (x 66B)
Class org.gradle.internal.classloader.ClasspathUtil$1                                 : loaded 2 times (x 72B)
Class org.gradle.api.internal.classpath.DefaultModuleRegistry$DefaultModule           : loaded 2 times (x 82B)
Class org.gradle.api.internal.classpath.Module                                        : loaded 2 times (x 66B)
Class org.gradle.api.internal.classpath.UnknownModuleException                        : loaded 2 times (x 78B)
Class org.gradle.api.internal.DefaultClassPathRegistry                                : loaded 2 times (x 72B)
Class org.gradle.api.internal.ClassPathRegistry                                       : loaded 2 times (x 66B)
Class org.gradle.internal.classpath.DefaultClassPath$ImmutableUniqueList              : loaded 2 times (x 195B)
Class org.gradle.internal.classpath.ClassPath                                         : loaded 2 times (x 66B)
Class org.gradle.api.UncheckedIOException                                             : loaded 2 times (x 78B)
Class org.gradle.internal.installation.GradleInstallation$1                           : loaded 2 times (x 71B)
Class org.gradle.api.internal.classpath.ModuleRegistry                                : loaded 2 times (x 66B)
Class org.gradle.api.internal.classpath.DefaultModuleRegistry                         : loaded 2 times (x 82B)
Class org.gradle.internal.service.ServiceLookupException                              : loaded 2 times (x 78B)
Class org.gradle.internal.classloader.ClassLoaderFactory                              : loaded 2 times (x 66B)
Class org.gradle.internal.service.CachingServiceLocator                               : loaded 2 times (x 78B)
Class org.gradle.internal.classloader.ClasspathUtil                                   : loaded 2 times (x 67B)
Class org.gradle.api.specs.Spec                                                       : loaded 2 times (x 66B)
Class org.gradle.internal.classloader.VisitableURLClassLoader$InstrumentingVisitableURLClassLoader: loaded 2 times (x 119B)
Class org.gradle.internal.classloader.VisitableURLClassLoader$Spec                    : loaded 2 times (x 70B)
Class org.gradle.internal.classpath.DefaultClassPath                                  : loaded 2 times (x 86B)
Class org.gradle.internal.classloader.ClassLoaderSpec                                 : loaded 2 times (x 67B)
Class org.gradle.internal.classloader.VisitableURLClassLoader                         : loaded 2 times (x 113B)
Class org.gradle.internal.Cast                                                        : loaded 2 times (x 67B)
Class org.gradle.api.Action                                                           : loaded 2 times (x 66B)
Class org.gradle.internal.classpath.DefaultClassPath$ImmutableUniqueList$Builder      : loaded 2 times (x 71B)
Class org.gradle.api.GradleException                                                  : loaded 2 times (x 78B)
Class org.gradle.internal.IoActions                                                   : loaded 2 times (x 67B)
Class org.gradle.internal.classloader.SystemClassLoaderSpec                           : loaded 2 times (x 67B)
Class org.gradle.api.internal.classpath.GlobalCacheRootsProvider                      : loaded 2 times (x 66B)
Class org.gradle.internal.installation.CurrentGradleInstallationLocator               : loaded 2 times (x 67B)
Class org.gradle.internal.service.DefaultServiceLocator                               : loaded 2 times (x 79B)
Class org.gradle.internal.installation.CurrentGradleInstallation                      : loaded 2 times (x 69B)
Class org.gradle.util.internal.GUtil                                                  : loaded 2 times (x 67B)
Class org.gradle.internal.installation.GradleInstallation                             : loaded 2 times (x 71B)

---------------  S Y S T E M  ---------------

OS:
 Windows 11 , 64 bit Build 26100 (10.0.26100.4202)
OS uptime: 7 days 1:26 hours
Hyper-V role detected

CPU: total 8 (initial active 8) (4 cores per cpu, 2 threads per core) family 6 model 186 stepping 3 microcode 0x4121, cx8, cmov, fxsr, ht, mmx, 3dnowpref, sse, sse2, sse3, ssse3, sse4.1, sse4.2, popcnt, lzcnt, tsc, tscinvbit, avx, avx2, aes, erms, clmul, bmi1, bmi2, adx, sha, fma, vzeroupper, clflush, clflushopt, clwb, hv, serialize, rdtscp, rdpid, fsrm, f16c, cet_ibt, cet_ss
Processor Information for the first 8 processors :
  Max Mhz: 1200, Current Mhz: 1200, Mhz Limit: 1200

Memory: 4k page, system-wide physical 13968M (2291M free)
TotalPageFile size 14016M (AvailPageFile size 7M)
current process WorkingSet (physical memory assigned to process): 175M, peak: 175M
current process commit charge ("private bytes"): 224M, peak: 347M

vm_info: OpenJDK 64-Bit Server VM (21.0.6+-13368085-b895.109) for windows-amd64 JRE (21.0.6+-13368085-b895.109), built on 2025-04-16T17:01:31Z by "builder" with MS VC++ 16.10 / 16.11 (VS2019)

END.
